Using pre-set license
Built from '2021.3/staging' branch; Version is '2021.3.24f1 (cf10dcf7010d) revision 13570268'; Using compiler version '192829333'; Build Type 'Release'
OS: 'Windows 11  (10.0.22000) 64bit CoreSingleLanguage' Language: 'ru' Physical Memory: 16122 MB
BatchMode: 1, IsHumanControllingUs: 0, StartBugReporterOnCrash: 0, Is64bit: 1, IsPro: 1

COMMAND LINE ARGUMENTS:
C:\Program Files\Unity\Hub\Editor\2021.3.24f1\Editor\Unity.exe
-adb2
-batchMode
-noUpm
-name
AssetImportWorker0
-projectPath
D:/Developer/Git/ProjectX
-logFile
Logs/AssetImportWorker0.log
-srvPort
63321
Successfully changed project path to: D:/Developer/Git/ProjectX
D:/Developer/Git/ProjectX
[UnityMemory] Configuration Parameters - Can be set up in boot.config
    "memorysetup-bucket-allocator-granularity=16"
    "memorysetup-bucket-allocator-bucket-count=8"
    "memorysetup-bucket-allocator-block-size=33554432"
    "memorysetup-bucket-allocator-block-count=8"
    "memorysetup-main-allocator-block-size=16777216"
    "memorysetup-thread-allocator-block-size=16777216"
    "memorysetup-gfx-main-allocator-block-size=16777216"
    "memorysetup-gfx-thread-allocator-block-size=16777216"
    "memorysetup-cache-allocator-block-size=4194304"
    "memorysetup-typetree-allocator-block-size=2097152"
    "memorysetup-profiler-bucket-allocator-granularity=16"
    "memorysetup-profiler-bucket-allocator-bucket-count=8"
    "memorysetup-profiler-bucket-allocator-block-size=33554432"
    "memorysetup-profiler-bucket-allocator-block-count=8"
    "memorysetup-profiler-allocator-block-size=16777216"
    "memorysetup-profiler-editor-allocator-block-size=1048576"
    "memorysetup-temp-allocator-size-main=16777216"
    "memorysetup-job-temp-allocator-block-size=2097152"
    "memorysetup-job-temp-allocator-block-size-background=1048576"
    "memorysetup-job-temp-allocator-reduction-small-platforms=262144"
    "memorysetup-temp-allocator-size-background-worker=32768"
    "memorysetup-temp-allocator-size-job-worker=262144"
    "memorysetup-temp-allocator-size-preload-manager=33554432"
    "memorysetup-temp-allocator-size-nav-mesh-worker=65536"
    "memorysetup-temp-allocator-size-audio-worker=65536"
    "memorysetup-temp-allocator-size-cloud-worker=32768"
    "memorysetup-temp-allocator-size-gi-baking-worker=262144"
    "memorysetup-temp-allocator-size-gfx=262144"
Player connection [17336] Host "[IP] 192.168.244.42 [Port] 0 [Flags] 2 [Guid] 1086315714 [EditorId] 1086315714 [Version] 1048832 [Id] WindowsEditor(7,itZHNEC) [Debug] 1 [PackageName] WindowsEditor [ProjectName] Editor" joined multi-casting on [225.0.0.222:54997]...

Player connection [17336] Host "[IP] 192.168.244.42 [Port] 0 [Flags] 2 [Guid] 1086315714 [EditorId] 1086315714 [Version] 1048832 [Id] WindowsEditor(7,itZHNEC) [Debug] 1 [PackageName] WindowsEditor [ProjectName] Editor" joined alternative multi-casting on [225.0.0.222:34997]...

Refreshing native plugins compatible for Editor in 59.40 ms, found 2 plugins.
Preloading 0 native plugins for Editor in 0.00 ms.
Initialize engine version: 2021.3.24f1 (cf10dcf7010d)
[Subsystems] Discovering subsystems at path C:/Program Files/Unity/Hub/Editor/2021.3.24f1/Editor/Data/Resources/UnitySubsystems
[Subsystems] Discovering subsystems at path D:/Developer/Git/ProjectX/Assets
GfxDevice: creating device client; threaded=0; jobified=0
Direct3D:
    Version:  Direct3D 11.0 [level 11.1]
    Renderer: Intel(R) UHD Graphics (ID=0x8a56)
    Vendor:   Intel
    VRAM:     8061 MB
    Driver:   31.0.101.1999
Initialize mono
Mono path[0] = 'C:/Program Files/Unity/Hub/Editor/2021.3.24f1/Editor/Data/Managed'
Mono path[1] = 'C:/Program Files/Unity/Hub/Editor/2021.3.24f1/Editor/Data/MonoBleedingEdge/lib/mono/unityjit-win32'
Mono config path = 'C:/Program Files/Unity/Hub/Editor/2021.3.24f1/Editor/Data/MonoBleedingEdge/etc'
Using monoOptions --debugger-agent=transport=dt_socket,embedding=1,server=y,suspend=n,address=127.0.0.1:56488
Begin MonoManager ReloadAssembly
Registering precompiled unity dll's ...
Register platform support module: C:/Program Files/Unity/Hub/Editor/2021.3.24f1/Editor/Data/PlaybackEngines/WindowsStandaloneSupport/UnityEditor.WindowsStandalone.Extensions.dll
Registered in 0.005240 seconds.
Native extension for WindowsStandalone target not found
Refreshing native plugins compatible for Editor in 50.64 ms, found 2 plugins.
Preloading 0 native plugins for Editor in 0.00 ms.
Mono: successfully reloaded assembly
- Completed reload, in  0.959 seconds
Domain Reload Profiling:
	ReloadAssembly (960ms)
		BeginReloadAssembly (126ms)
			ExecutionOrderSort (0ms)
			DisableScriptedObjects (0ms)
			BackupInstance (0ms)
			ReleaseScriptingObjects (0ms)
			CreateAndSetChildDomain (2ms)
		EndReloadAssembly (685ms)
			LoadAssemblies (122ms)
			RebuildTransferFunctionScriptingTraits (0ms)
			SetupTypeCache (173ms)
			ReleaseScriptCaches (0ms)
			RebuildScriptCaches (57ms)
			SetupLoadedEditorAssemblies (355ms)
				LogAssemblyErrors (0ms)
				InitializePlatformSupportModulesInManaged (14ms)
				SetLoadedEditorAssemblies (0ms)
				RefreshPlugins (51ms)
				BeforeProcessingInitializeOnLoad (2ms)
				ProcessInitializeOnLoadAttributes (205ms)
				ProcessInitializeOnLoadMethodAttributes (83ms)
				AfterProcessingInitializeOnLoad (0ms)
				EditorAssembliesLoaded (0ms)
			ExecutionOrderSort2 (0ms)
			AwakeInstancesAfterBackupRestoration (0ms)
Platform modules already initialized, skipping
Registering precompiled user dll's ...
Registered in 0.002711 seconds.
Begin MonoManager ReloadAssembly
Native extension for WindowsStandalone target not found
Refreshing native plugins compatible for Editor in 54.21 ms, found 2 plugins.
Preloading 0 native plugins for Editor in 0.00 ms.
Mono: successfully reloaded assembly
- Completed reload, in  1.663 seconds
Domain Reload Profiling:
	ReloadAssembly (1664ms)
		BeginReloadAssembly (174ms)
			ExecutionOrderSort (0ms)
			DisableScriptedObjects (12ms)
			BackupInstance (0ms)
			ReleaseScriptingObjects (0ms)
			CreateAndSetChildDomain (33ms)
		EndReloadAssembly (1324ms)
			LoadAssemblies (108ms)
			RebuildTransferFunctionScriptingTraits (0ms)
			SetupTypeCache (271ms)
			ReleaseScriptCaches (1ms)
			RebuildScriptCaches (70ms)
			SetupLoadedEditorAssemblies (817ms)
				LogAssemblyErrors (0ms)
				InitializePlatformSupportModulesInManaged (5ms)
				SetLoadedEditorAssemblies (0ms)
				RefreshPlugins (54ms)
				BeforeProcessingInitializeOnLoad (71ms)
				ProcessInitializeOnLoadAttributes (630ms)
				ProcessInitializeOnLoadMethodAttributes (46ms)
				AfterProcessingInitializeOnLoad (10ms)
				EditorAssembliesLoaded (0ms)
			ExecutionOrderSort2 (0ms)
			AwakeInstancesAfterBackupRestoration (12ms)
Platform modules already initialized, skipping
========================================================================
Worker process is ready to serve import requests
Launched and connected shader compiler UnityShaderCompiler.exe after 0.08 seconds
Refreshing native plugins compatible for Editor in 0.62 ms, found 2 plugins.
Preloading 0 native plugins for Editor in 0.00 ms.
Unloading 2045 Unused Serialized files (Serialized files now loaded: 0)
Unloading 54 unused Assets / (0.6 MB). Loaded Objects now: 2531.
Memory consumption went from 110.5 MB to 109.8 MB.
Total: 4.636000 ms (FindLiveObjects: 0.212600 ms CreateObjectMapping: 0.099400 ms MarkObjects: 4.049800 ms  DeleteObjects: 0.272700 ms)

AssetImportParameters requested are different than current active one (requested -> active):
  custom:video-decoder-ogg-theora: a1e56fd34408186e4bbccfd4996cb3dc -> 
  custom:container-muxer-webm: aa71ff27fc2769a1b78a27578f13a17b -> 
  custom:container-demuxer-webm: 4f35f7cbe854078d1ac9338744f61a02 -> 
  custom:video-encoder-webm-vp8: eb34c28f22e8b96e1ab97ce403110664 -> 
  custom:audio-encoder-webm-vorbis: bf7c407c2cedff20999df2af8eb42d56 -> 
  custom:framework-win-MediaFoundation: 216162199b28c13a410421893ffa2e32 -> 
  custom:container-demuxer-ogg: 62fdf1f143b41e24485cea50d1cbac27 -> 
  custom:video-decoder-webm-vp8: 9c59270c3fd7afecdb556c50c9e8de78 -> 
  custom:audio-decoder-ogg-vorbis: bf7c407c2cedff20999df2af8eb42d56 -> 
========================================================================
Received Import Request.
  Time since last request: 1996657.237853 seconds.
  path: Assets/Flat Textures Pack
  artifactKey: Guid(2a4e4d5ed1deb1544bac9d45d3cece7a) Importer(815301076,1909f56bfc062723c751e8b465ee728b)
Start importing Assets/Flat Textures Pack using Guid(2a4e4d5ed1deb1544bac9d45d3cece7a) Importer(815301076,1909f56bfc062723c751e8b465ee728b)  -> (artifact id: '05277488c92f9eecffb47f195f03c76a') in 0.026600 seconds 
========================================================================
Received Prepare
Registering precompiled user dll's ...
Registered in 0.002938 seconds.
Begin MonoManager ReloadAssembly
Native extension for WindowsStandalone target not found
Refreshing native plugins compatible for Editor in 0.76 ms, found 2 plugins.
Preloading 0 native plugins for Editor in 0.00 ms.
Mono: successfully reloaded assembly
- Completed reload, in  2.493 seconds
Domain Reload Profiling:
	ReloadAssembly (2496ms)
		BeginReloadAssembly (217ms)
			ExecutionOrderSort (0ms)
			DisableScriptedObjects (9ms)
			BackupInstance (0ms)
			ReleaseScriptingObjects (0ms)
			CreateAndSetChildDomain (57ms)
		EndReloadAssembly (2096ms)
			LoadAssemblies (128ms)
			RebuildTransferFunctionScriptingTraits (0ms)
			SetupTypeCache (324ms)
			ReleaseScriptCaches (2ms)
			RebuildScriptCaches (88ms)
			SetupLoadedEditorAssemblies (1397ms)
				LogAssemblyErrors (0ms)
				InitializePlatformSupportModulesInManaged (20ms)
				SetLoadedEditorAssemblies (2ms)
				RefreshPlugins (1ms)
				BeforeProcessingInitializeOnLoad (136ms)
				ProcessInitializeOnLoadAttributes (1097ms)
				ProcessInitializeOnLoadMethodAttributes (114ms)
				AfterProcessingInitializeOnLoad (27ms)
				EditorAssembliesLoaded (0ms)
			ExecutionOrderSort2 (0ms)
			AwakeInstancesAfterBackupRestoration (27ms)
Platform modules already initialized, skipping
Refreshing native plugins compatible for Editor in 1.37 ms, found 2 plugins.
Preloading 0 native plugins for Editor in 0.00 ms.
Unloading 2001 Unused Serialized files (Serialized files now loaded: 0)
Unloading 23 unused Assets / (0.6 MB). Loaded Objects now: 2546.
Memory consumption went from 106.0 MB to 105.4 MB.
Total: 4.164000 ms (FindLiveObjects: 0.262700 ms CreateObjectMapping: 0.088800 ms MarkObjects: 3.669100 ms  DeleteObjects: 0.141000 ms)

AssetImportParameters requested are different than current active one (requested -> active):
  custom:video-decoder-ogg-theora: a1e56fd34408186e4bbccfd4996cb3dc -> 
  custom:container-muxer-webm: aa71ff27fc2769a1b78a27578f13a17b -> 
  custom:container-demuxer-webm: 4f35f7cbe854078d1ac9338744f61a02 -> 
  custom:video-encoder-webm-vp8: eb34c28f22e8b96e1ab97ce403110664 -> 
  custom:audio-encoder-webm-vorbis: bf7c407c2cedff20999df2af8eb42d56 -> 
  custom:framework-win-MediaFoundation: 216162199b28c13a410421893ffa2e32 -> 
  custom:container-demuxer-ogg: 62fdf1f143b41e24485cea50d1cbac27 -> 
  custom:video-decoder-webm-vp8: 9c59270c3fd7afecdb556c50c9e8de78 -> 
  custom:audio-decoder-ogg-vorbis: bf7c407c2cedff20999df2af8eb42d56 -> 
========================================================================
Received Import Request.
  Time since last request: 609.693436 seconds.
  path: Assets/LowPolyFarmLite/Prefabs/Box_01.prefab
  artifactKey: Guid(d26dc1241d332c342b898a57f1164932) Importer(815301076,1909f56bfc062723c751e8b465ee728b)
Start importing Assets/LowPolyFarmLite/Prefabs/Box_01.prefab using Guid(d26dc1241d332c342b898a57f1164932) Importer(815301076,1909f56bfc062723c751e8b465ee728b)  -> (artifact id: 'e2c1e12dd87e96f520e20497b56e52f4') in 0.234631 seconds 
========================================================================
Received Import Request.
  Time since last request: 17.657752 seconds.
  path: Assets/LowPolyFarmLite/Prefabs/Cabbage_01.prefab
  artifactKey: Guid(aec8969d0290c6d4cbc587ef85a01ce4) Importer(815301076,1909f56bfc062723c751e8b465ee728b)
Start importing Assets/LowPolyFarmLite/Prefabs/Cabbage_01.prefab using Guid(aec8969d0290c6d4cbc587ef85a01ce4) Importer(815301076,1909f56bfc062723c751e8b465ee728b)  -> (artifact id: 'ba11ff163e6dddfb101abd709ba2297c') in 0.033630 seconds 
========================================================================
Received Import Request.
  Time since last request: 0.517634 seconds.
  path: Assets/LowPolyFarmLite/Prefabs/Fence_01.prefab
  artifactKey: Guid(cb422acdc199d6e42910f589b81c283b) Importer(815301076,1909f56bfc062723c751e8b465ee728b)
Start importing Assets/LowPolyFarmLite/Prefabs/Fence_01.prefab using Guid(cb422acdc199d6e42910f589b81c283b) Importer(815301076,1909f56bfc062723c751e8b465ee728b)  -> (artifact id: 'd1c8a980d752a032de3c40ad892644b6') in 0.022036 seconds 
========================================================================
Received Import Request.
  Time since last request: 0.465027 seconds.
  path: Assets/LowPolyFarmLite/Prefabs/Grass_02.prefab
  artifactKey: Guid(81dad7d5552c9a341b390c79338fe0a4) Importer(815301076,1909f56bfc062723c751e8b465ee728b)
Start importing Assets/LowPolyFarmLite/Prefabs/Grass_02.prefab using Guid(81dad7d5552c9a341b390c79338fe0a4) Importer(815301076,1909f56bfc062723c751e8b465ee728b)  -> (artifact id: 'ecd5887c8d08d8a9619ecf6098a80c06') in 0.024558 seconds 
========================================================================
Received Import Request.
  Time since last request: 1.103012 seconds.
  path: Assets/LowPolyFarmLite/Prefabs/Mud_01.prefab
  artifactKey: Guid(c4fa87cd4eff4ae4ba4c8d1ad48df5f7) Importer(815301076,1909f56bfc062723c751e8b465ee728b)
Start importing Assets/LowPolyFarmLite/Prefabs/Mud_01.prefab using Guid(c4fa87cd4eff4ae4ba4c8d1ad48df5f7) Importer(815301076,1909f56bfc062723c751e8b465ee728b)  -> (artifact id: '783a3b8d34cd6498e0602b010bef3aad') in 0.025700 seconds 
========================================================================
Received Import Request.
  Time since last request: 0.491443 seconds.
  path: Assets/LowPolyFarmLite/Prefabs/Rock_04.prefab
  artifactKey: Guid(748ca274b89873247873cee26d353629) Importer(815301076,1909f56bfc062723c751e8b465ee728b)
Start importing Assets/LowPolyFarmLite/Prefabs/Rock_04.prefab using Guid(748ca274b89873247873cee26d353629) Importer(815301076,1909f56bfc062723c751e8b465ee728b)  -> (artifact id: 'd9c7bdbbb85262fd9fbf8c0ce6511e9e') in 0.024826 seconds 
========================================================================
Received Import Request.
  Time since last request: 0.876701 seconds.
  path: Assets/LowPolyFarmLite/Prefabs/Terrain_01.prefab
  artifactKey: Guid(7ddfa3a1d18174043aab251be6df3a0e) Importer(815301076,1909f56bfc062723c751e8b465ee728b)
Start importing Assets/LowPolyFarmLite/Prefabs/Terrain_01.prefab using Guid(7ddfa3a1d18174043aab251be6df3a0e) Importer(815301076,1909f56bfc062723c751e8b465ee728b)  -> (artifact id: 'a8009e8f2b31adf4bc49be90fc1362dc') in 0.022136 seconds 
========================================================================
Received Import Request.
  Time since last request: 0.507314 seconds.
  path: Assets/LowPolyFarmLite/Prefabs/Tomato_03.prefab
  artifactKey: Guid(fd8e0760db14a534a89257f68a4f2a8c) Importer(815301076,1909f56bfc062723c751e8b465ee728b)
Start importing Assets/LowPolyFarmLite/Prefabs/Tomato_03.prefab using Guid(fd8e0760db14a534a89257f68a4f2a8c) Importer(815301076,1909f56bfc062723c751e8b465ee728b)  -> (artifact id: '20c372e90ce802dd025d629d9b2df061') in 0.027619 seconds 
========================================================================
Received Import Request.
  Time since last request: 0.389497 seconds.
  path: Assets/LowPolyFarmLite/Prefabs/TomatoPlant_01.prefab
  artifactKey: Guid(78da2ace1ab76ce478600ebe37fa10fe) Importer(815301076,1909f56bfc062723c751e8b465ee728b)
Start importing Assets/LowPolyFarmLite/Prefabs/TomatoPlant_01.prefab using Guid(78da2ace1ab76ce478600ebe37fa10fe) Importer(815301076,1909f56bfc062723c751e8b465ee728b)  -> (artifact id: '5ee0227a5a5d1d593ee3a35ff9091958') in 0.025999 seconds 
========================================================================
Received Import Request.
  Time since last request: 14.128409 seconds.
  path: Assets/Flat Textures Pack/Textures/Cave_Bush.png
  artifactKey: Guid(f66cf91fe79cffe4bbe6a155e61e4bb7) Importer(815301076,1909f56bfc062723c751e8b465ee728b)
Start importing Assets/Flat Textures Pack/Textures/Cave_Bush.png using Guid(f66cf91fe79cffe4bbe6a155e61e4bb7) Importer(815301076,1909f56bfc062723c751e8b465ee728b)  -> (artifact id: 'd604626af41efe7a312bf21b62e6df4a') in 0.155175 seconds 
========================================================================
Received Import Request.
  Time since last request: 0.796968 seconds.
  path: Assets/Flat Textures Pack/Textures/Cave_Cracks.png
  artifactKey: Guid(a2cd67599aa6c4749a6d6dae988081e1) Importer(815301076,1909f56bfc062723c751e8b465ee728b)
Start importing Assets/Flat Textures Pack/Textures/Cave_Cracks.png using Guid(a2cd67599aa6c4749a6d6dae988081e1) Importer(815301076,1909f56bfc062723c751e8b465ee728b)  -> (artifact id: '609320fdbed65fae737e541a2b38fadf') in 0.060549 seconds 
========================================================================
Received Import Request.
  Time since last request: 0.500387 seconds.
  path: Assets/Flat Textures Pack/Textures/Cave_Crystal_A.png
  artifactKey: Guid(44574b134f468f746bb51c8099e9fddf) Importer(815301076,1909f56bfc062723c751e8b465ee728b)
Start importing Assets/Flat Textures Pack/Textures/Cave_Crystal_A.png using Guid(44574b134f468f746bb51c8099e9fddf) Importer(815301076,1909f56bfc062723c751e8b465ee728b)  -> (artifact id: 'e656e56510a4bd20261672906ea6dd54') in 0.038499 seconds 
========================================================================
Received Import Request.
  Time since last request: 0.468864 seconds.
  path: Assets/Flat Textures Pack/Textures/Cave_FireGround.png
  artifactKey: Guid(2c3a68b4404445e44bff84d1bb91c1f5) Importer(815301076,1909f56bfc062723c751e8b465ee728b)
Start importing Assets/Flat Textures Pack/Textures/Cave_FireGround.png using Guid(2c3a68b4404445e44bff84d1bb91c1f5) Importer(815301076,1909f56bfc062723c751e8b465ee728b)  -> (artifact id: 'df633e2e5af182fc6bb42fd3e1999250') in 0.028608 seconds 
========================================================================
Received Import Request.
  Time since last request: 0.548683 seconds.
  path: Assets/Flat Textures Pack/Textures/Cave_GoldenPebbles.png
  artifactKey: Guid(e63e6b5575cf91b4883ed33d002c8606) Importer(815301076,1909f56bfc062723c751e8b465ee728b)
Start importing Assets/Flat Textures Pack/Textures/Cave_GoldenPebbles.png using Guid(e63e6b5575cf91b4883ed33d002c8606) Importer(815301076,1909f56bfc062723c751e8b465ee728b)  -> (artifact id: 'fbafe146e37c38b044b0e1b440f5cd39') in 0.039958 seconds 
========================================================================
Received Import Request.
  Time since last request: 0.522954 seconds.
  path: Assets/Flat Textures Pack/Textures/Cave_LavaRocks_A.png
  artifactKey: Guid(a36ddfdef00715d48be4ba9fb4e538ae) Importer(815301076,1909f56bfc062723c751e8b465ee728b)
Start importing Assets/Flat Textures Pack/Textures/Cave_LavaRocks_A.png using Guid(a36ddfdef00715d48be4ba9fb4e538ae) Importer(815301076,1909f56bfc062723c751e8b465ee728b)  -> (artifact id: '8eb82e3fc60b6aa529a588c5a5622876') in 0.040608 seconds 
========================================================================
Received Import Request.
  Time since last request: 0.473201 seconds.
  path: Assets/Flat Textures Pack/Textures/Cave_Magma.png
  artifactKey: Guid(d028d237290dff545b1ac2636948f0a0) Importer(815301076,1909f56bfc062723c751e8b465ee728b)
Start importing Assets/Flat Textures Pack/Textures/Cave_Magma.png using Guid(d028d237290dff545b1ac2636948f0a0) Importer(815301076,1909f56bfc062723c751e8b465ee728b)  -> (artifact id: '4e44eaf42849f8bafb4528e251c45819') in 0.044456 seconds 
========================================================================
Received Import Request.
  Time since last request: 1.202944 seconds.
  path: Assets/Flat Textures Pack/Textures/Cave_Poison.png
  artifactKey: Guid(bdbfd93040393854cb6e0e0af9b8d3c5) Importer(815301076,1909f56bfc062723c751e8b465ee728b)
Start importing Assets/Flat Textures Pack/Textures/Cave_Poison.png using Guid(bdbfd93040393854cb6e0e0af9b8d3c5) Importer(815301076,1909f56bfc062723c751e8b465ee728b)  -> (artifact id: '43f60ec6ea101cb5a3bcdcdd472bffb1') in 0.041841 seconds 
========================================================================
Received Import Request.
  Time since last request: 1.477756 seconds.
  path: Assets/Flat Textures Pack/Textures/Cave_Spores.png
  artifactKey: Guid(9289c7337ada4bc45959b4ff82b1b784) Importer(815301076,1909f56bfc062723c751e8b465ee728b)
Start importing Assets/Flat Textures Pack/Textures/Cave_Spores.png using Guid(9289c7337ada4bc45959b4ff82b1b784) Importer(815301076,1909f56bfc062723c751e8b465ee728b)  -> (artifact id: '48652288bc5cd9e0e1acac1fc11d26c3') in 0.040989 seconds 
========================================================================
Received Import Request.
  Time since last request: 0.462297 seconds.
  path: Assets/Flat Textures Pack/Textures/Desert_Bushes.png
  artifactKey: Guid(374f043a3f99333449e20804007556c2) Importer(815301076,1909f56bfc062723c751e8b465ee728b)
Start importing Assets/Flat Textures Pack/Textures/Desert_Bushes.png using Guid(374f043a3f99333449e20804007556c2) Importer(815301076,1909f56bfc062723c751e8b465ee728b)  -> (artifact id: '1be209132d9bbf4624d42bd1d0666f9a') in 0.039806 seconds 
========================================================================
Received Import Request.
  Time since last request: 0.760485 seconds.
  path: Assets/Flat Textures Pack/Textures/Desert_Cliff.png
  artifactKey: Guid(f19def3b08a4bf34da11bd34756ee17f) Importer(815301076,1909f56bfc062723c751e8b465ee728b)
Start importing Assets/Flat Textures Pack/Textures/Desert_Cliff.png using Guid(f19def3b08a4bf34da11bd34756ee17f) Importer(815301076,1909f56bfc062723c751e8b465ee728b)  -> (artifact id: 'a9f11c0e064cf2caa814c62a7c372431') in 0.039893 seconds 
========================================================================
Received Import Request.
  Time since last request: 28.720375 seconds.
  path: Assets/FreeVegetation-LowPolyNature/FreeVegetation/Models/Vegetation.fbx
  artifactKey: Guid(2072bd79c1ae41441b0d087f04e9ec49) Importer(815301076,1909f56bfc062723c751e8b465ee728b)
Start importing Assets/FreeVegetation-LowPolyNature/FreeVegetation/Models/Vegetation.fbx using Guid(2072bd79c1ae41441b0d087f04e9ec49) Importer(815301076,1909f56bfc062723c751e8b465ee728b)  -> (artifact id: 'c794dfafa1b943a23206acec5dcc06d8') in 0.389314 seconds 
========================================================================
Received Import Request.
  Time since last request: 4.420444 seconds.
  path: Assets/FreeVegetation-LowPolyNature/FreeVegetation/Prefabs/Bush_1_1.prefab
  artifactKey: Guid(736a3a898da8f894593c271ad73d5f1f) Importer(815301076,1909f56bfc062723c751e8b465ee728b)
Start importing Assets/FreeVegetation-LowPolyNature/FreeVegetation/Prefabs/Bush_1_1.prefab using Guid(736a3a898da8f894593c271ad73d5f1f) Importer(815301076,1909f56bfc062723c751e8b465ee728b)  -> (artifact id: '8fbf67b3a629eac7e41c96c7b7fd637b') in 0.026056 seconds 
========================================================================
Received Import Request.
  Time since last request: 0.547411 seconds.
  path: Assets/FreeVegetation-LowPolyNature/FreeVegetation/Prefabs/Bush_1_2.prefab
  artifactKey: Guid(e8e4c79974d5dd2469bc0c0055921376) Importer(815301076,1909f56bfc062723c751e8b465ee728b)
Start importing Assets/FreeVegetation-LowPolyNature/FreeVegetation/Prefabs/Bush_1_2.prefab using Guid(e8e4c79974d5dd2469bc0c0055921376) Importer(815301076,1909f56bfc062723c751e8b465ee728b)  -> (artifact id: '107949b05b9a692c50e52665de5868f6') in 0.026633 seconds 
========================================================================
Received Import Request.
  Time since last request: 0.496644 seconds.
  path: Assets/FreeVegetation-LowPolyNature/FreeVegetation/Prefabs/FallenTree_1_1.prefab
  artifactKey: Guid(c33d23e7dff87c94bbbf8303e2318397) Importer(815301076,1909f56bfc062723c751e8b465ee728b)
Start importing Assets/FreeVegetation-LowPolyNature/FreeVegetation/Prefabs/FallenTree_1_1.prefab using Guid(c33d23e7dff87c94bbbf8303e2318397) Importer(815301076,1909f56bfc062723c751e8b465ee728b)  -> (artifact id: '59c033139abdbcc0b69ec07889b8110f') in 0.027831 seconds 
========================================================================
Received Import Request.
  Time since last request: 0.543462 seconds.
  path: Assets/FreeVegetation-LowPolyNature/FreeVegetation/Prefabs/FallenTree_1_2.prefab
  artifactKey: Guid(7bd8a99d77d246b41b47d6f0958d6e89) Importer(815301076,1909f56bfc062723c751e8b465ee728b)
Start importing Assets/FreeVegetation-LowPolyNature/FreeVegetation/Prefabs/FallenTree_1_2.prefab using Guid(7bd8a99d77d246b41b47d6f0958d6e89) Importer(815301076,1909f56bfc062723c751e8b465ee728b)  -> (artifact id: 'ba8de3bb1c4ac23080d74b0baa5260ac') in 0.033220 seconds 
========================================================================
Received Import Request.
  Time since last request: 0.453568 seconds.
  path: Assets/FreeVegetation-LowPolyNature/FreeVegetation/Prefabs/Grass_1_1.prefab
  artifactKey: Guid(2ab833ef86401f8409c0310ffb61631e) Importer(815301076,1909f56bfc062723c751e8b465ee728b)
Start importing Assets/FreeVegetation-LowPolyNature/FreeVegetation/Prefabs/Grass_1_1.prefab using Guid(2ab833ef86401f8409c0310ffb61631e) Importer(815301076,1909f56bfc062723c751e8b465ee728b)  -> (artifact id: '164344cdcfd2fb6476efdf6da5a65251') in 0.019131 seconds 
========================================================================
Received Import Request.
  Time since last request: 1.483836 seconds.
  path: Assets/FreeVegetation-LowPolyNature/FreeVegetation/Prefabs/Grass_1_2.prefab
  artifactKey: Guid(729e667a67b1fbd40adbda716ae59a2e) Importer(815301076,1909f56bfc062723c751e8b465ee728b)
Start importing Assets/FreeVegetation-LowPolyNature/FreeVegetation/Prefabs/Grass_1_2.prefab using Guid(729e667a67b1fbd40adbda716ae59a2e) Importer(815301076,1909f56bfc062723c751e8b465ee728b)  -> (artifact id: 'b778243a0eae50f2bba6a8b06deef0d8') in 0.023654 seconds 
========================================================================
Received Import Request.
  Time since last request: 1.294459 seconds.
  path: Assets/FreeVegetation-LowPolyNature/FreeVegetation/Prefabs/Grass_2_1.prefab
  artifactKey: Guid(1ddaf242dd01c744393cf9bd8a9334d1) Importer(815301076,1909f56bfc062723c751e8b465ee728b)
Start importing Assets/FreeVegetation-LowPolyNature/FreeVegetation/Prefabs/Grass_2_1.prefab using Guid(1ddaf242dd01c744393cf9bd8a9334d1) Importer(815301076,1909f56bfc062723c751e8b465ee728b)  -> (artifact id: '1fff9751ce4ec30da386ba88be9d9c61') in 0.023861 seconds 
========================================================================
Received Import Request.
  Time since last request: 0.475943 seconds.
  path: Assets/FreeVegetation-LowPolyNature/FreeVegetation/Prefabs/Plant_1_1.prefab
  artifactKey: Guid(18e11e0f358c3684abd2b1363d394d68) Importer(815301076,1909f56bfc062723c751e8b465ee728b)
Start importing Assets/FreeVegetation-LowPolyNature/FreeVegetation/Prefabs/Plant_1_1.prefab using Guid(18e11e0f358c3684abd2b1363d394d68) Importer(815301076,1909f56bfc062723c751e8b465ee728b)  -> (artifact id: '1fb5880f6cd0d15c95fa61fd3071bd0b') in 0.021631 seconds 
========================================================================
Received Import Request.
  Time since last request: 0.553045 seconds.
  path: Assets/FreeVegetation-LowPolyNature/FreeVegetation/Prefabs/Tree_1_1.prefab
  artifactKey: Guid(465cbb465c9880c45887d824bd1f720b) Importer(815301076,1909f56bfc062723c751e8b465ee728b)
Start importing Assets/FreeVegetation-LowPolyNature/FreeVegetation/Prefabs/Tree_1_1.prefab using Guid(465cbb465c9880c45887d824bd1f720b) Importer(815301076,1909f56bfc062723c751e8b465ee728b)  -> (artifact id: '682306e59f23edc91f4d1c5f1591c69f') in 0.029882 seconds 
========================================================================
Received Import Request.
  Time since last request: 0.643963 seconds.
  path: Assets/FreeVegetation-LowPolyNature/FreeVegetation/Prefabs/Tree_1_2.prefab
  artifactKey: Guid(d855296cdd38f1d43a9018c918395080) Importer(815301076,1909f56bfc062723c751e8b465ee728b)
Start importing Assets/FreeVegetation-LowPolyNature/FreeVegetation/Prefabs/Tree_1_2.prefab using Guid(d855296cdd38f1d43a9018c918395080) Importer(815301076,1909f56bfc062723c751e8b465ee728b)  -> (artifact id: 'b0688eb800f0966cf7fa2f1358d0809f') in 0.028904 seconds 
========================================================================
Received Import Request.
  Time since last request: 2.946447 seconds.
  path: Assets/FreeVegetation-LowPolyNature/FreeVegetation/Textures/GrassColor.png
  artifactKey: Guid(59b577b39270af04abdc731059ae1a2b) Importer(815301076,1909f56bfc062723c751e8b465ee728b)
Start importing Assets/FreeVegetation-LowPolyNature/FreeVegetation/Textures/GrassColor.png using Guid(59b577b39270af04abdc731059ae1a2b) Importer(815301076,1909f56bfc062723c751e8b465ee728b)  -> (artifact id: '6bf59471e804be28f867cbe6676fa819') in 0.017340 seconds 
========================================================================
Received Import Request.
  Time since last request: 0.571572 seconds.
  path: Assets/FreeVegetation-LowPolyNature/FreeVegetation/Textures/LowPolyNormal.png
  artifactKey: Guid(82c1b4c112dc0e041bd7f131c1ab9a89) Importer(815301076,1909f56bfc062723c751e8b465ee728b)
Start importing Assets/FreeVegetation-LowPolyNature/FreeVegetation/Textures/LowPolyNormal.png using Guid(82c1b4c112dc0e041bd7f131c1ab9a89) Importer(815301076,1909f56bfc062723c751e8b465ee728b)  -> (artifact id: 'aa99fa516bdba03b4b1321842992764a') in 0.032537 seconds 
========================================================================
Received Import Request.
  Time since last request: 665.500327 seconds.
  path: Assets/FreeVegetation-LowPolyNature/FreeVegetation/Models
  artifactKey: Guid(404b72b585f845b4884931187e240179) Importer(815301076,1909f56bfc062723c751e8b465ee728b)
Start importing Assets/FreeVegetation-LowPolyNature/FreeVegetation/Models using Guid(404b72b585f845b4884931187e240179) Importer(815301076,1909f56bfc062723c751e8b465ee728b)  -> (artifact id: '5e88a9116871e1278f4c3764294956cf') in 0.016708 seconds 
========================================================================
Received Prepare
Registering precompiled user dll's ...
Registered in 0.002154 seconds.
Begin MonoManager ReloadAssembly
Native extension for WindowsStandalone target not found
Refreshing native plugins compatible for Editor in 1.14 ms, found 2 plugins.
Preloading 0 native plugins for Editor in 0.00 ms.
Mono: successfully reloaded assembly
- Completed reload, in  2.402 seconds
Domain Reload Profiling:
	ReloadAssembly (2404ms)
		BeginReloadAssembly (207ms)
			ExecutionOrderSort (0ms)
			DisableScriptedObjects (7ms)
			BackupInstance (0ms)
			ReleaseScriptingObjects (0ms)
			CreateAndSetChildDomain (48ms)
		EndReloadAssembly (2025ms)
			LoadAssemblies (139ms)
			RebuildTransferFunctionScriptingTraits (0ms)
			SetupTypeCache (326ms)
			ReleaseScriptCaches (1ms)
			RebuildScriptCaches (80ms)
			SetupLoadedEditorAssemblies (1346ms)
				LogAssemblyErrors (0ms)
				InitializePlatformSupportModulesInManaged (12ms)
				SetLoadedEditorAssemblies (2ms)
				RefreshPlugins (1ms)
				BeforeProcessingInitializeOnLoad (125ms)
				ProcessInitializeOnLoadAttributes (1074ms)
				ProcessInitializeOnLoadMethodAttributes (111ms)
				AfterProcessingInitializeOnLoad (20ms)
				EditorAssembliesLoaded (1ms)
			ExecutionOrderSort2 (0ms)
			AwakeInstancesAfterBackupRestoration (19ms)
Platform modules already initialized, skipping
Refreshing native plugins compatible for Editor in 2.10 ms, found 2 plugins.
Preloading 0 native plugins for Editor in 0.00 ms.
Unloading 2001 Unused Serialized files (Serialized files now loaded: 0)
Unloading 23 unused Assets / (0.6 MB). Loaded Objects now: 2609.
Memory consumption went from 110.5 MB to 109.9 MB.
Total: 4.710300 ms (FindLiveObjects: 0.271900 ms CreateObjectMapping: 0.143800 ms MarkObjects: 4.122400 ms  DeleteObjects: 0.170100 ms)

AssetImportParameters requested are different than current active one (requested -> active):
  custom:video-decoder-ogg-theora: a1e56fd34408186e4bbccfd4996cb3dc -> 
  custom:container-muxer-webm: aa71ff27fc2769a1b78a27578f13a17b -> 
  custom:container-demuxer-webm: 4f35f7cbe854078d1ac9338744f61a02 -> 
  custom:video-encoder-webm-vp8: eb34c28f22e8b96e1ab97ce403110664 -> 
  custom:audio-encoder-webm-vorbis: bf7c407c2cedff20999df2af8eb42d56 -> 
  custom:framework-win-MediaFoundation: 216162199b28c13a410421893ffa2e32 -> 
  custom:container-demuxer-ogg: 62fdf1f143b41e24485cea50d1cbac27 -> 
  custom:video-decoder-webm-vp8: 9c59270c3fd7afecdb556c50c9e8de78 -> 
  custom:audio-decoder-ogg-vorbis: bf7c407c2cedff20999df2af8eb42d56 -> 
========================================================================
Received Import Request.
  Time since last request: 488.913929 seconds.
  path: Assets/FreeVegetation-LowPolyNature/FreeVegetation/Prefabs
  artifactKey: Guid(54c2d62876ea875408d05fb5ca09fbf6) Importer(815301076,1909f56bfc062723c751e8b465ee728b)
Start importing Assets/FreeVegetation-LowPolyNature/FreeVegetation/Prefabs using Guid(54c2d62876ea875408d05fb5ca09fbf6) Importer(815301076,1909f56bfc062723c751e8b465ee728b)  -> (artifact id: '67c094400f5de514a9f60ec2d45f72f5') in 0.020186 seconds 
========================================================================
Received Import Request.
  Time since last request: 39.067756 seconds.
  path: Assets
  artifactKey: Guid(00000000000000001000000000000000) Importer(815301076,1909f56bfc062723c751e8b465ee728b)
Start importing Assets using Guid(00000000000000001000000000000000) Importer(815301076,1909f56bfc062723c751e8b465ee728b)  -> (artifact id: '79842766b460edbeab6a34051e857a80') in 0.012462 seconds 
========================================================================
Received Import Request.
  Time since last request: 16.541314 seconds.
  path: Assets/Prefabs
  artifactKey: Guid(90b7e53b15f4f194ca05175b98c05a7c) Importer(815301076,1909f56bfc062723c751e8b465ee728b)
Start importing Assets/Prefabs using Guid(90b7e53b15f4f194ca05175b98c05a7c) Importer(815301076,1909f56bfc062723c751e8b465ee728b)  -> (artifact id: 'f9cb21a25461e635b56a8369ca828f63') in 0.003158 seconds 
========================================================================
Received Import Request.
  Time since last request: 22.646193 seconds.
  path: Assets/FreeVegetation-LowPolyNature
  artifactKey: Guid(10f34099a07a93d4d8b3f8dfdc199fd2) Importer(815301076,1909f56bfc062723c751e8b465ee728b)
Start importing Assets/FreeVegetation-LowPolyNature using Guid(10f34099a07a93d4d8b3f8dfdc199fd2) Importer(815301076,1909f56bfc062723c751e8b465ee728b)  -> (artifact id: 'f31a8a9d07d265a794f33bc25a76d5cc') in 0.013544 seconds 
========================================================================
Received Import Request.
  Time since last request: 19.048819 seconds.
  path: Assets/LowPolyFarmLite/Prefabs/Tree_04.prefab
  artifactKey: Guid(bae468b3a6b9ea141967f3cfbe601352) Importer(815301076,1909f56bfc062723c751e8b465ee728b)
Start importing Assets/LowPolyFarmLite/Prefabs/Tree_04.prefab using Guid(bae468b3a6b9ea141967f3cfbe601352) Importer(815301076,1909f56bfc062723c751e8b465ee728b)  -> (artifact id: 'dbc9491bbc72c9787c88d126ee82c3df') in 0.119157 seconds 
========================================================================
Received Import Request.
  Time since last request: 0.557113 seconds.
  path: Assets/LowPolyFarmLite/Prefabs/WateringCan_01.prefab
  artifactKey: Guid(8877f4aac7d3c184ea4954647487e084) Importer(815301076,1909f56bfc062723c751e8b465ee728b)
Start importing Assets/LowPolyFarmLite/Prefabs/WateringCan_01.prefab using Guid(8877f4aac7d3c184ea4954647487e084) Importer(815301076,1909f56bfc062723c751e8b465ee728b)  -> (artifact id: '36bbfb3482eedc342942f1910e1eeb5b') in 0.025190 seconds 
========================================================================
Received Import Request.
  Time since last request: 27.357502 seconds.
  path: Assets/LowPolyFarmLite/Models/Box_01.fbx
  artifactKey: Guid(ff53e1a687da3e94aad8ba03f54ffac9) Importer(815301076,1909f56bfc062723c751e8b465ee728b)
Start importing Assets/LowPolyFarmLite/Models/Box_01.fbx using Guid(ff53e1a687da3e94aad8ba03f54ffac9) Importer(815301076,1909f56bfc062723c751e8b465ee728b)  -> (artifact id: 'd298dc4eb2cfbc88085e246e1235cb00') in 0.152470 seconds 
========================================================================
Received Import Request.
  Time since last request: 0.531278 seconds.
  path: Assets/LowPolyFarmLite/Models/Cabbage_01.fbx
  artifactKey: Guid(0f50786d35eebcf44805f9d5fb326c11) Importer(815301076,1909f56bfc062723c751e8b465ee728b)
Start importing Assets/LowPolyFarmLite/Models/Cabbage_01.fbx using Guid(0f50786d35eebcf44805f9d5fb326c11) Importer(815301076,1909f56bfc062723c751e8b465ee728b)  -> (artifact id: '7d03179743d84693055bb659ff4aef57') in 0.080355 seconds 
========================================================================
Received Import Request.
  Time since last request: 10.818898 seconds.
  path: Assets/LowPolyFarmLite
  artifactKey: Guid(d2dc4ada0061bef4f9721a1d93c9496d) Importer(815301076,1909f56bfc062723c751e8b465ee728b)
Start importing Assets/LowPolyFarmLite using Guid(d2dc4ada0061bef4f9721a1d93c9496d) Importer(815301076,1909f56bfc062723c751e8b465ee728b)  -> (artifact id: 'c8b9e2588ae710af0cbd4ab0641188a4') in 0.014428 seconds 
========================================================================
Received Import Request.
  Time since last request: 2.019167 seconds.
  path: Assets/LowPolyFarmLite/Models
  artifactKey: Guid(f2b0f3a6eb99b41409350fabfd873296) Importer(815301076,1909f56bfc062723c751e8b465ee728b)
Start importing Assets/LowPolyFarmLite/Models using Guid(f2b0f3a6eb99b41409350fabfd873296) Importer(815301076,1909f56bfc062723c751e8b465ee728b)  -> (artifact id: '44549a99db371cfadbf6713508dedecb') in 0.005120 seconds 
========================================================================
Received Import Request.
  Time since last request: 11.412142 seconds.
  path: Assets/Prefabs/Bush_1_1.prefab
  artifactKey: Guid(736a3a898da8f894593c271ad73d5f1f) Importer(815301076,1909f56bfc062723c751e8b465ee728b)
Start importing Assets/Prefabs/Bush_1_1.prefab using Guid(736a3a898da8f894593c271ad73d5f1f) Importer(815301076,1909f56bfc062723c751e8b465ee728b)  -> (artifact id: '807f271745ed05a5fd566f6938952a72') in 0.021706 seconds 
========================================================================
Received Import Request.
  Time since last request: 0.376045 seconds.
  path: Assets/Prefabs/FallenTree_1_1.prefab
  artifactKey: Guid(c33d23e7dff87c94bbbf8303e2318397) Importer(815301076,1909f56bfc062723c751e8b465ee728b)
Start importing Assets/Prefabs/FallenTree_1_1.prefab using Guid(c33d23e7dff87c94bbbf8303e2318397) Importer(815301076,1909f56bfc062723c751e8b465ee728b)  -> (artifact id: 'ba9a32e4ff2febf5eed3fec4f2dcfce4') in 0.024342 seconds 
========================================================================
Received Import Request.
  Time since last request: 0.512786 seconds.
  path: Assets/Prefabs/FallenTree_1_2.prefab
  artifactKey: Guid(7bd8a99d77d246b41b47d6f0958d6e89) Importer(815301076,1909f56bfc062723c751e8b465ee728b)
Start importing Assets/Prefabs/FallenTree_1_2.prefab using Guid(7bd8a99d77d246b41b47d6f0958d6e89) Importer(815301076,1909f56bfc062723c751e8b465ee728b)  -> (artifact id: '6f8d9cf198d9702825c3dff4afc20575') in 0.020184 seconds 
========================================================================
Received Import Request.
  Time since last request: 0.334688 seconds.
  path: Assets/Prefabs/Fence_01.prefab
  artifactKey: Guid(cb422acdc199d6e42910f589b81c283b) Importer(815301076,1909f56bfc062723c751e8b465ee728b)
Start importing Assets/Prefabs/Fence_01.prefab using Guid(cb422acdc199d6e42910f589b81c283b) Importer(815301076,1909f56bfc062723c751e8b465ee728b)  -> (artifact id: '2ab820425a2e44d471a913b68f2c1e0b') in 0.020441 seconds 
========================================================================
Received Import Request.
  Time since last request: 12.830887 seconds.
  path: Assets/Prefabs/Cabbage_01.prefab
  artifactKey: Guid(aec8969d0290c6d4cbc587ef85a01ce4) Importer(815301076,1909f56bfc062723c751e8b465ee728b)
Start importing Assets/Prefabs/Cabbage_01.prefab using Guid(aec8969d0290c6d4cbc587ef85a01ce4) Importer(815301076,1909f56bfc062723c751e8b465ee728b)  -> (artifact id: 'd8061aeef87e8809d7690fe5531bec8e') in 0.021458 seconds 
========================================================================
Received Import Request.
  Time since last request: 2.345099 seconds.
  path: Assets/Prefabs/TomatoPlant_01.prefab
  artifactKey: Guid(78da2ace1ab76ce478600ebe37fa10fe) Importer(815301076,1909f56bfc062723c751e8b465ee728b)
Start importing Assets/Prefabs/TomatoPlant_01.prefab using Guid(78da2ace1ab76ce478600ebe37fa10fe) Importer(815301076,1909f56bfc062723c751e8b465ee728b)  -> (artifact id: '51a349f82e1781f4de80064b8b14b9ab') in 0.023419 seconds 
========================================================================
Received Import Request.
  Time since last request: 2.688584 seconds.
  path: Assets/Prefabs/Tree_04.prefab
  artifactKey: Guid(bae468b3a6b9ea141967f3cfbe601352) Importer(815301076,1909f56bfc062723c751e8b465ee728b)
Start importing Assets/Prefabs/Tree_04.prefab using Guid(bae468b3a6b9ea141967f3cfbe601352) Importer(815301076,1909f56bfc062723c751e8b465ee728b)  -> (artifact id: '64854d671192a97e0488e11fdc8eddf8') in 0.018789 seconds 
========================================================================
Received Import Request.
  Time since last request: 0.303088 seconds.
  path: Assets/Prefabs/WateringCan_01.prefab
  artifactKey: Guid(8877f4aac7d3c184ea4954647487e084) Importer(815301076,1909f56bfc062723c751e8b465ee728b)
Start importing Assets/Prefabs/WateringCan_01.prefab using Guid(8877f4aac7d3c184ea4954647487e084) Importer(815301076,1909f56bfc062723c751e8b465ee728b)  -> (artifact id: 'a58216a87952c2fac173f16faa83905c') in 0.015416 seconds 
========================================================================
Received Import Request.
  Time since last request: 4.634008 seconds.
  path: Assets/Prefabs/Tomato_03.prefab
  artifactKey: Guid(fd8e0760db14a534a89257f68a4f2a8c) Importer(815301076,1909f56bfc062723c751e8b465ee728b)
Start importing Assets/Prefabs/Tomato_03.prefab using Guid(fd8e0760db14a534a89257f68a4f2a8c) Importer(815301076,1909f56bfc062723c751e8b465ee728b)  -> (artifact id: '3e1ae98039c98745b1b9c86abfc6b1a7') in 0.021539 seconds 
========================================================================
Received Import Request.
  Time since last request: 6.097677 seconds.
  path: Assets/Models/Grass_02.fbx
  artifactKey: Guid(fc007040ddf56d841ad2083f918a0924) Importer(815301076,1909f56bfc062723c751e8b465ee728b)
Start importing Assets/Models/Grass_02.fbx using Guid(fc007040ddf56d841ad2083f918a0924) Importer(815301076,1909f56bfc062723c751e8b465ee728b)  -> (artifact id: 'e2fa2eac56bf404343507a15de27714c') in 0.027227 seconds 
========================================================================
Received Import Request.
  Time since last request: 3.061359 seconds.
  path: Assets/Prefabs/Box_01.prefab
  artifactKey: Guid(d26dc1241d332c342b898a57f1164932) Importer(815301076,1909f56bfc062723c751e8b465ee728b)
Start importing Assets/Prefabs/Box_01.prefab using Guid(d26dc1241d332c342b898a57f1164932) Importer(815301076,1909f56bfc062723c751e8b465ee728b)  -> (artifact id: 'efd8c1e48552287a543954da7367218c') in 0.021348 seconds 
========================================================================
Received Import Request.
  Time since last request: 52.668003 seconds.
  path: Assets/LowPolyFarmLite/Materials
  artifactKey: Guid(f7fdccaafb4495348b807eba4cb4cc82) Importer(815301076,1909f56bfc062723c751e8b465ee728b)
Start importing Assets/LowPolyFarmLite/Materials using Guid(f7fdccaafb4495348b807eba4cb4cc82) Importer(815301076,1909f56bfc062723c751e8b465ee728b)  -> (artifact id: '902c1bb8e92a59df25667ed87615a63f') in 0.017147 seconds 
========================================================================
Received Import Request.
  Time since last request: 0.560008 seconds.
  path: Assets/LowPolyFarmLite/Prefabs
  artifactKey: Guid(2c1d683bd08bd8a4bb1c3c6496009f72) Importer(815301076,1909f56bfc062723c751e8b465ee728b)
Start importing Assets/LowPolyFarmLite/Prefabs using Guid(2c1d683bd08bd8a4bb1c3c6496009f72) Importer(815301076,1909f56bfc062723c751e8b465ee728b)  -> (artifact id: 'b001009f89ff8226a26ca30ddd0fc0ae') in 0.004045 seconds 
========================================================================
Received Import Request.
  Time since last request: 1.828383 seconds.
  path: Assets/LowPolyFarmLite/Prefabs/Terrain_01.prefab
  artifactKey: Guid(7ddfa3a1d18174043aab251be6df3a0e) Importer(815301076,1909f56bfc062723c751e8b465ee728b)
Start importing Assets/LowPolyFarmLite/Prefabs/Terrain_01.prefab using Guid(7ddfa3a1d18174043aab251be6df3a0e) Importer(815301076,1909f56bfc062723c751e8b465ee728b)  -> (artifact id: '295238efe14b5c5244753c3e4ae898b2') in 0.014577 seconds 
========================================================================
Received Import Request.
  Time since last request: 2.248807 seconds.
  path: Assets/LowPolyFarmLite/Scenes/LowPolyFarmLite_Demo.unity
  artifactKey: Guid(02b22eabe90848144a0d8977d339b3ee) Importer(815301076,1909f56bfc062723c751e8b465ee728b)
Start importing Assets/LowPolyFarmLite/Scenes/LowPolyFarmLite_Demo.unity using Guid(02b22eabe90848144a0d8977d339b3ee) Importer(815301076,1909f56bfc062723c751e8b465ee728b)  -> (artifact id: '0f80d005f146ed1ae4b9f1897d8ac06f') in 0.013164 seconds 
========================================================================
Received Import Request.
  Time since last request: 0.510910 seconds.
  path: Assets/LowPolyFarmLite/Scenes/LowPolyFarmLite_DemoSettings.lighting
  artifactKey: Guid(b9e3b8fd981019245a35e02910f9ae32) Importer(815301076,1909f56bfc062723c751e8b465ee728b)
Start importing Assets/LowPolyFarmLite/Scenes/LowPolyFarmLite_DemoSettings.lighting using Guid(b9e3b8fd981019245a35e02910f9ae32) Importer(815301076,1909f56bfc062723c751e8b465ee728b)  -> (artifact id: '383f2f65d015e3c1a51f13de89982905') in 0.013824 seconds 
========================================================================
Received Import Request.
  Time since last request: 0.406134 seconds.
  path: Assets/LowPolyFarmLite/Scenes/LowPolyFarmLite_Overview.unity
  artifactKey: Guid(0d213542539e07e42a778fc738e204f3) Importer(815301076,1909f56bfc062723c751e8b465ee728b)
Start importing Assets/LowPolyFarmLite/Scenes/LowPolyFarmLite_Overview.unity using Guid(0d213542539e07e42a778fc738e204f3) Importer(815301076,1909f56bfc062723c751e8b465ee728b)  -> (artifact id: '99580bcde8831fcc793a3ba536cc9965') in 0.013562 seconds 
========================================================================
Received Import Request.
  Time since last request: 2.639132 seconds.
  path: Assets/LowPolyFarmLite/Scenes
  artifactKey: Guid(a8ca82e7a3f46d04db5b1c44ce6e5562) Importer(815301076,1909f56bfc062723c751e8b465ee728b)
Start importing Assets/LowPolyFarmLite/Scenes using Guid(a8ca82e7a3f46d04db5b1c44ce6e5562) Importer(815301076,1909f56bfc062723c751e8b465ee728b)  -> (artifact id: 'e9262839c891cc1f61270c967824b111') in 0.014169 seconds 
========================================================================
Received Import Request.
  Time since last request: 3.313316 seconds.
  path: Assets/LowPolyFarmLite/Textures
  artifactKey: Guid(6e93bce2b4218d641a56d5b53e85dd32) Importer(815301076,1909f56bfc062723c751e8b465ee728b)
Start importing Assets/LowPolyFarmLite/Textures using Guid(6e93bce2b4218d641a56d5b53e85dd32) Importer(815301076,1909f56bfc062723c751e8b465ee728b)  -> (artifact id: 'b5b3779aef304aa970780201e16fcba1') in 0.013110 seconds 
========================================================================
Received Import Request.
  Time since last request: 1.476321 seconds.
  path: Assets/LowPolyFarmLite/Textures/LowPolyFarmLite_Texture_01.png
  artifactKey: Guid(7bc9a4bafdf20d7409ec5c6155c56f4e) Importer(815301076,1909f56bfc062723c751e8b465ee728b)
Start importing Assets/LowPolyFarmLite/Textures/LowPolyFarmLite_Texture_01.png using Guid(7bc9a4bafdf20d7409ec5c6155c56f4e) Importer(815301076,1909f56bfc062723c751e8b465ee728b)  -> (artifact id: '151afd03af5a9328f2e5435ac64b4296') in 0.029017 seconds 
========================================================================
Received Import Request.
  Time since last request: 5.232086 seconds.
  path: Assets/LowPolyFarmLite
  artifactKey: Guid(d2dc4ada0061bef4f9721a1d93c9496d) Importer(815301076,1909f56bfc062723c751e8b465ee728b)
Start importing Assets/LowPolyFarmLite using Guid(d2dc4ada0061bef4f9721a1d93c9496d) Importer(815301076,1909f56bfc062723c751e8b465ee728b)  -> (artifact id: '1e1077c31ec7a07851ca9b54b957d050') in 0.004005 seconds 
========================================================================
Received Import Request.
  Time since last request: 31.824479 seconds.
  path: Assets/Texture/Materials
  artifactKey: Guid(ebcad03a27546da4ea966392540dee37) Importer(815301076,1909f56bfc062723c751e8b465ee728b)
Start importing Assets/Texture/Materials using Guid(ebcad03a27546da4ea966392540dee37) Importer(815301076,1909f56bfc062723c751e8b465ee728b)  -> (artifact id: 'f2525819c5c0c3bd89ffe4b792d22648') in 0.003621 seconds 
========================================================================
Received Import Request.
  Time since last request: 19.726504 seconds.
  path: Assets/Low Poly Hexagons
  artifactKey: Guid(d13dc71035098054e8ec1a99585c0677) Importer(815301076,1909f56bfc062723c751e8b465ee728b)
Start importing Assets/Low Poly Hexagons using Guid(d13dc71035098054e8ec1a99585c0677) Importer(815301076,1909f56bfc062723c751e8b465ee728b)  -> (artifact id: 'f8677d05906307e42578ca49561ccc60') in 0.014746 seconds 
========================================================================
Received Import Request.
  Time since last request: 3.552270 seconds.
  path: Assets/Low Poly Hexagons/Assets/Prefabs/Hexagons/HellLake.prefab
  artifactKey: Guid(0c9cd282647074244950d07c3846fa0c) Importer(815301076,1909f56bfc062723c751e8b465ee728b)
Start importing Assets/Low Poly Hexagons/Assets/Prefabs/Hexagons/HellLake.prefab using Guid(0c9cd282647074244950d07c3846fa0c) Importer(815301076,1909f56bfc062723c751e8b465ee728b)  -> (artifact id: 'e69da8512de7ac046b450965aed0a5b9') in 0.214418 seconds 
========================================================================
Received Import Request.
  Time since last request: 0.206262 seconds.
  path: Assets/Low Poly Hexagons/Assets/Prefabs/Hexagons/Hex1.prefab
  artifactKey: Guid(88d6135510f32df49aeb43b51172cc52) Importer(815301076,1909f56bfc062723c751e8b465ee728b)
Start importing Assets/Low Poly Hexagons/Assets/Prefabs/Hexagons/Hex1.prefab using Guid(88d6135510f32df49aeb43b51172cc52) Importer(815301076,1909f56bfc062723c751e8b465ee728b)  -> (artifact id: '7dea17032f40354afaf23a10a5745783') in 0.024037 seconds 
========================================================================
Received Import Request.
  Time since last request: 0.443003 seconds.
  path: Assets/Low Poly Hexagons/Assets/Prefabs/Hexagons/Hex2.prefab
  artifactKey: Guid(ba54e0f64ad505c4fa5521c008dc356e) Importer(815301076,1909f56bfc062723c751e8b465ee728b)
Start importing Assets/Low Poly Hexagons/Assets/Prefabs/Hexagons/Hex2.prefab using Guid(ba54e0f64ad505c4fa5521c008dc356e) Importer(815301076,1909f56bfc062723c751e8b465ee728b)  -> (artifact id: 'f4d4f0c85ff589fb6c4e1d64279a3705') in 0.028390 seconds 
========================================================================
Received Import Request.
  Time since last request: 8.321598 seconds.
  path: Assets/Flat Textures Pack/Textures/Cave_Magma_B.png
  artifactKey: Guid(f3f73fae8b0080b4b8c78a03d205b2e2) Importer(815301076,1909f56bfc062723c751e8b465ee728b)
Start importing Assets/Flat Textures Pack/Textures/Cave_Magma_B.png using Guid(f3f73fae8b0080b4b8c78a03d205b2e2) Importer(815301076,1909f56bfc062723c751e8b465ee728b)  -> (artifact id: '2843fe99ace4ce6a4a82e8e012c7248b') in 0.040424 seconds 
========================================================================
Received Import Request.
  Time since last request: 5.685948 seconds.
  path: Assets/Flat Textures Pack/Textures
  artifactKey: Guid(5f6e8344c3218d44f8fd29234066aff6) Importer(815301076,1909f56bfc062723c751e8b465ee728b)
Start importing Assets/Flat Textures Pack/Textures using Guid(5f6e8344c3218d44f8fd29234066aff6) Importer(815301076,1909f56bfc062723c751e8b465ee728b)  -> (artifact id: 'bdb4736bb415161644c336e3ee18a5ff') in 0.003676 seconds 
========================================================================
Received Import Request.
  Time since last request: 3.824923 seconds.
  path: Assets/_TerrainAutoUpgrade
  artifactKey: Guid(ab3ff74b5843b15429997f8a31f8ae45) Importer(815301076,1909f56bfc062723c751e8b465ee728b)
Start importing Assets/_TerrainAutoUpgrade using Guid(ab3ff74b5843b15429997f8a31f8ae45) Importer(815301076,1909f56bfc062723c751e8b465ee728b)  -> (artifact id: '69b438499408bdd343f369c68f30baa0') in 0.015963 seconds 
========================================================================
Received Import Request.
  Time since last request: 18.259975 seconds.
  path: Assets/Scenes/SampleScene.unity
  artifactKey: Guid(9fc0d4010bbf28b4594072e72b8655ab) Importer(815301076,1909f56bfc062723c751e8b465ee728b)
Start importing Assets/Scenes/SampleScene.unity using Guid(9fc0d4010bbf28b4594072e72b8655ab) Importer(815301076,1909f56bfc062723c751e8b465ee728b)  -> (artifact id: 'e4945f9d55da95d6e27a72a1a14d4060') in 0.014345 seconds 
========================================================================
Received Import Request.
  Time since last request: 13.597971 seconds.
  path: Assets/Scenes/PlayerIsland.unity
  artifactKey: Guid(9fc0d4010bbf28b4594072e72b8655ab) Importer(815301076,1909f56bfc062723c751e8b465ee728b)
Start importing Assets/Scenes/PlayerIsland.unity using Guid(9fc0d4010bbf28b4594072e72b8655ab) Importer(815301076,1909f56bfc062723c751e8b465ee728b)  -> (artifact id: '942d89340e2cd1685473bcb2e3682a5c') in 0.009677 seconds 
========================================================================
Received Prepare
Registering precompiled user dll's ...
Registered in 0.002152 seconds.
Begin MonoManager ReloadAssembly
Native extension for WindowsStandalone target not found
Refreshing native plugins compatible for Editor in 1.10 ms, found 2 plugins.
Preloading 0 native plugins for Editor in 0.00 ms.
Mono: successfully reloaded assembly
- Completed reload, in  2.423 seconds
Domain Reload Profiling:
	ReloadAssembly (2425ms)
		BeginReloadAssembly (200ms)
			ExecutionOrderSort (0ms)
			DisableScriptedObjects (9ms)
			BackupInstance (0ms)
			ReleaseScriptingObjects (0ms)
			CreateAndSetChildDomain (50ms)
		EndReloadAssembly (2060ms)
			LoadAssemblies (117ms)
			RebuildTransferFunctionScriptingTraits (0ms)
			SetupTypeCache (325ms)
			ReleaseScriptCaches (1ms)
			RebuildScriptCaches (96ms)
			SetupLoadedEditorAssemblies (1351ms)
				LogAssemblyErrors (0ms)
				InitializePlatformSupportModulesInManaged (21ms)
				SetLoadedEditorAssemblies (1ms)
				RefreshPlugins (1ms)
				BeforeProcessingInitializeOnLoad (137ms)
				ProcessInitializeOnLoadAttributes (1063ms)
				ProcessInitializeOnLoadMethodAttributes (105ms)
				AfterProcessingInitializeOnLoad (22ms)
				EditorAssembliesLoaded (0ms)
			ExecutionOrderSort2 (0ms)
			AwakeInstancesAfterBackupRestoration (26ms)
Platform modules already initialized, skipping
Refreshing native plugins compatible for Editor in 2.86 ms, found 2 plugins.
Preloading 0 native plugins for Editor in 0.00 ms.
Unloading 2001 Unused Serialized files (Serialized files now loaded: 0)
Unloading 23 unused Assets / (0.6 MB). Loaded Objects now: 2625.
Memory consumption went from 110.6 MB to 110.0 MB.
Total: 5.369400 ms (FindLiveObjects: 0.217500 ms CreateObjectMapping: 0.138600 ms MarkObjects: 4.711200 ms  DeleteObjects: 0.299000 ms)

AssetImportParameters requested are different than current active one (requested -> active):
  custom:video-decoder-ogg-theora: a1e56fd34408186e4bbccfd4996cb3dc -> 
  custom:container-muxer-webm: aa71ff27fc2769a1b78a27578f13a17b -> 
  custom:container-demuxer-webm: 4f35f7cbe854078d1ac9338744f61a02 -> 
  custom:video-encoder-webm-vp8: eb34c28f22e8b96e1ab97ce403110664 -> 
  custom:audio-encoder-webm-vorbis: bf7c407c2cedff20999df2af8eb42d56 -> 
  custom:framework-win-MediaFoundation: 216162199b28c13a410421893ffa2e32 -> 
  custom:container-demuxer-ogg: 62fdf1f143b41e24485cea50d1cbac27 -> 
  custom:video-decoder-webm-vp8: 9c59270c3fd7afecdb556c50c9e8de78 -> 
  custom:audio-decoder-ogg-vorbis: bf7c407c2cedff20999df2af8eb42d56 -> 
========================================================================
Received Import Request.
  Time since last request: 256.501874 seconds.
  path: Assets/Prefabs/Box_01.prefab
  artifactKey: Guid(d26dc1241d332c342b898a57f1164932) Importer(815301076,1909f56bfc062723c751e8b465ee728b)
Start importing Assets/Prefabs/Box_01.prefab using Guid(d26dc1241d332c342b898a57f1164932) Importer(815301076,1909f56bfc062723c751e8b465ee728b)  -> (artifact id: '5a87805df30d52680e39e4895cf0eed2') in 0.137906 seconds 
========================================================================
Received Import Request.
  Time since last request: 2.364099 seconds.
  path: Assets/Prefabs/Bush_1_2.prefab
  artifactKey: Guid(e8e4c79974d5dd2469bc0c0055921376) Importer(815301076,1909f56bfc062723c751e8b465ee728b)
Start importing Assets/Prefabs/Bush_1_2.prefab using Guid(e8e4c79974d5dd2469bc0c0055921376) Importer(815301076,1909f56bfc062723c751e8b465ee728b)  -> (artifact id: '4e201227050f7f5d72031d240a45231f') in 0.027879 seconds 
========================================================================
Received Import Request.
  Time since last request: 0.319450 seconds.
  path: Assets/Prefabs/Cabbage_01.prefab
  artifactKey: Guid(aec8969d0290c6d4cbc587ef85a01ce4) Importer(815301076,1909f56bfc062723c751e8b465ee728b)
Start importing Assets/Prefabs/Cabbage_01.prefab using Guid(aec8969d0290c6d4cbc587ef85a01ce4) Importer(815301076,1909f56bfc062723c751e8b465ee728b)  -> (artifact id: 'adbe47551b8908c8f0b5cf183462627f') in 0.027530 seconds 
========================================================================
Received Import Request.
  Time since last request: 18.562580 seconds.
  path: Assets/Prefabs/Fence_01.prefab
  artifactKey: Guid(cb422acdc199d6e42910f589b81c283b) Importer(815301076,1909f56bfc062723c751e8b465ee728b)
Start importing Assets/Prefabs/Fence_01.prefab using Guid(cb422acdc199d6e42910f589b81c283b) Importer(815301076,1909f56bfc062723c751e8b465ee728b)  -> (artifact id: '67c3c6fd38a029463b99d79c51b41d89') in 0.023004 seconds 
========================================================================
Received Import Request.
  Time since last request: 1.193092 seconds.
  path: Assets/Prefabs/Grass_1_1.prefab
  artifactKey: Guid(2ab833ef86401f8409c0310ffb61631e) Importer(815301076,1909f56bfc062723c751e8b465ee728b)
Start importing Assets/Prefabs/Grass_1_1.prefab using Guid(2ab833ef86401f8409c0310ffb61631e) Importer(815301076,1909f56bfc062723c751e8b465ee728b)  -> (artifact id: 'ed9758eb5967da975bc698cd427c7201') in 0.025194 seconds 
========================================================================
Received Import Request.
  Time since last request: 2.657386 seconds.
  path: Assets/Prefabs/Grass_02.prefab
  artifactKey: Guid(81dad7d5552c9a341b390c79338fe0a4) Importer(815301076,1909f56bfc062723c751e8b465ee728b)
Start importing Assets/Prefabs/Grass_02.prefab using Guid(81dad7d5552c9a341b390c79338fe0a4) Importer(815301076,1909f56bfc062723c751e8b465ee728b)  -> (artifact id: 'f410a45949c67e91084abb186495d31b') in 0.024643 seconds 
========================================================================
Received Import Request.
  Time since last request: 0.668399 seconds.
  path: Assets/Prefabs/Grass_2_1.prefab
  artifactKey: Guid(1ddaf242dd01c744393cf9bd8a9334d1) Importer(815301076,1909f56bfc062723c751e8b465ee728b)
Start importing Assets/Prefabs/Grass_2_1.prefab using Guid(1ddaf242dd01c744393cf9bd8a9334d1) Importer(815301076,1909f56bfc062723c751e8b465ee728b)  -> (artifact id: 'd33d44a9da165e1618cdab15bbb2aac5') in 0.020637 seconds 
========================================================================
Received Import Request.
  Time since last request: 4.827324 seconds.
  path: Assets/Prefabs/Grass_1_2.prefab
  artifactKey: Guid(729e667a67b1fbd40adbda716ae59a2e) Importer(815301076,1909f56bfc062723c751e8b465ee728b)
Start importing Assets/Prefabs/Grass_1_2.prefab using Guid(729e667a67b1fbd40adbda716ae59a2e) Importer(815301076,1909f56bfc062723c751e8b465ee728b)  -> (artifact id: 'bee72ab25d0c6add4e16d8a92cb6241a') in 0.025935 seconds 
========================================================================
Received Import Request.
  Time since last request: 3.879256 seconds.
  path: Assets/Prefabs/Plant_1_1.prefab
  artifactKey: Guid(18e11e0f358c3684abd2b1363d394d68) Importer(815301076,1909f56bfc062723c751e8b465ee728b)
Start importing Assets/Prefabs/Plant_1_1.prefab using Guid(18e11e0f358c3684abd2b1363d394d68) Importer(815301076,1909f56bfc062723c751e8b465ee728b)  -> (artifact id: 'd76c745981d698895bc7547abed3b9ce') in 0.020724 seconds 
========================================================================
Received Import Request.
  Time since last request: 0.688936 seconds.
  path: Assets/Prefabs/Mud_01.prefab
  artifactKey: Guid(c4fa87cd4eff4ae4ba4c8d1ad48df5f7) Importer(815301076,1909f56bfc062723c751e8b465ee728b)
Start importing Assets/Prefabs/Mud_01.prefab using Guid(c4fa87cd4eff4ae4ba4c8d1ad48df5f7) Importer(815301076,1909f56bfc062723c751e8b465ee728b)  -> (artifact id: '660e8813a0441cb74f35cc83dc699437') in 0.023106 seconds 
========================================================================
Received Import Request.
  Time since last request: 2.669778 seconds.
  path: Assets/Prefabs/Rock_04.prefab
  artifactKey: Guid(748ca274b89873247873cee26d353629) Importer(815301076,1909f56bfc062723c751e8b465ee728b)
Start importing Assets/Prefabs/Rock_04.prefab using Guid(748ca274b89873247873cee26d353629) Importer(815301076,1909f56bfc062723c751e8b465ee728b)  -> (artifact id: 'c387d2df416f844f45a29be50b6d5358') in 0.023883 seconds 
========================================================================
Received Import Request.
  Time since last request: 0.532578 seconds.
  path: Assets/Prefabs/Tomato_03.prefab
  artifactKey: Guid(fd8e0760db14a534a89257f68a4f2a8c) Importer(815301076,1909f56bfc062723c751e8b465ee728b)
Start importing Assets/Prefabs/Tomato_03.prefab using Guid(fd8e0760db14a534a89257f68a4f2a8c) Importer(815301076,1909f56bfc062723c751e8b465ee728b)  -> (artifact id: '132fe5e657c5b45c779245574badf043') in 0.016735 seconds 
========================================================================
Received Import Request.
  Time since last request: 0.646805 seconds.
  path: Assets/Prefabs/TomatoPlant_01.prefab
  artifactKey: Guid(78da2ace1ab76ce478600ebe37fa10fe) Importer(815301076,1909f56bfc062723c751e8b465ee728b)
Start importing Assets/Prefabs/TomatoPlant_01.prefab using Guid(78da2ace1ab76ce478600ebe37fa10fe) Importer(815301076,1909f56bfc062723c751e8b465ee728b)  -> (artifact id: '1f7d1a7baf9046e6af3d4023006d2597') in 0.019764 seconds 
========================================================================
Received Import Request.
  Time since last request: 0.558540 seconds.
  path: Assets/Prefabs/Tree_1_1.prefab
  artifactKey: Guid(465cbb465c9880c45887d824bd1f720b) Importer(815301076,1909f56bfc062723c751e8b465ee728b)
Start importing Assets/Prefabs/Tree_1_1.prefab using Guid(465cbb465c9880c45887d824bd1f720b) Importer(815301076,1909f56bfc062723c751e8b465ee728b)  -> (artifact id: '9cdbb23c645de8da7a1cf90ca797ef51') in 0.021026 seconds 
========================================================================
Received Import Request.
  Time since last request: 2.376208 seconds.
  path: Assets/Prefabs/Tree_1_2.prefab
  artifactKey: Guid(d855296cdd38f1d43a9018c918395080) Importer(815301076,1909f56bfc062723c751e8b465ee728b)
Start importing Assets/Prefabs/Tree_1_2.prefab using Guid(d855296cdd38f1d43a9018c918395080) Importer(815301076,1909f56bfc062723c751e8b465ee728b)  -> (artifact id: '6a18b8da8cacb468eeffe3f1f911680a') in 0.022404 seconds 
========================================================================
Received Import Request.
  Time since last request: 2.099182 seconds.
  path: Assets/Prefabs/Tree_04.prefab
  artifactKey: Guid(bae468b3a6b9ea141967f3cfbe601352) Importer(815301076,1909f56bfc062723c751e8b465ee728b)
Start importing Assets/Prefabs/Tree_04.prefab using Guid(bae468b3a6b9ea141967f3cfbe601352) Importer(815301076,1909f56bfc062723c751e8b465ee728b)  -> (artifact id: '59adff86c729376468e9a96f80e91f3f') in 0.024630 seconds 
========================================================================
Received Import Request.
  Time since last request: 0.879550 seconds.
  path: Assets/Prefabs/WateringCan_01.prefab
  artifactKey: Guid(8877f4aac7d3c184ea4954647487e084) Importer(815301076,1909f56bfc062723c751e8b465ee728b)
Start importing Assets/Prefabs/WateringCan_01.prefab using Guid(8877f4aac7d3c184ea4954647487e084) Importer(815301076,1909f56bfc062723c751e8b465ee728b)  -> (artifact id: '7868ca364b53358ec74b16b3660f48d4') in 0.024419 seconds 
